V |                      | ArgumentsFromParametersFile.OnBuildCreated (150)
V |                      | HandleReSharperSurrogateArguments.OnBuildCreated (150)
V |                      | InjectParameterValues.OnBuildCreated (100)
V |                      | HandleShellCompletion.OnBuildCreated (75)
V |                      | GenerateBuildServerConfigurations.OnBuildCreated (50)
V |                      | InvokeBuildServerConfigurationGeneration.OnBuildCreated (45)
V |                      | UpdateNotification.OnBuildCreated (10)
V |                      | UnsetVisualStudioEnvironmentVariables.OnBuildCreated (0)
V |                      | HandleVisualStudioDebugging.OnBuildCreated (0)
V |                      | EventInvoker.OnBuildCreated (-3.4028235E+38)
V |                      | HandlePlanRequests.OnBuildInitialized (10)
V |                      | HandleHelpRequests.OnBuildInitialized (5)
V |                      | Telemetry.OnBuildInitialized (0)
V |                      | Sending BuildStarted telemetry event ...
V |                      |   build_components         = 
V |                      |   build_type               = Project
V |                      |   compile_time             = 5
V |                      |   config_generators        = GitHubActions
V |                      |   host                     = VSCode
V |                      |   num_custom_components    = 0
V |                      |   num_custom_extensions    = 0
V |                      |   num_partitioned_targets  = 0
V |                      |   num_secrets              = 1
V |                      |   num_targets              = 3
V |                      |   os_architecture          = X64
V |                      |   os_platform              = Linux
V |                      |   repo_branch              = main
V |                      |   repo_commit              = eaf01f
V |                      |   repo_provider            = GitHub
V |                      |   repo_url                 = 63e257
V |                      |   target_framework         = .NETCoreApp,Version=v10.0
V |                      |   version_dotnet_sdk       = 10.0.100
V |                      |   version_nuke_common      = 9.0.4
V |                      |   version_nuke_global_tool = 9.0.4
V |                      | InjectNonParameterValues.OnBuildInitialized (-100)
W |                      | Could not inject value for Build.GitVersion
System.Exception: Missing package reference/download.
Run one of the following commands:
  - nuke :add-package GitVersion.Tool --version 6.5.0
 ---> System.ArgumentException: Could not find package 'GitVersion.Tool' using:
 - Project assets file '/home/kali/Code/dotnet/Tools.Template/build/obj/project.assets.json'
 - NuGet packages config '/home/kali/Code/dotnet/Tools.Template/build/_build.csproj'
   at Nuke.Common.Assert.NotNull[T](T obj, String message, String argumentExpression) in /_/source/Nuke.Utilities/Assert.cs:line 73
   at Nuke.Common.Tooling.NuGetToolPathResolver.GetPackageDirectory(String[] packageIds, String version) in /_/source/Nuke.Tooling/NuGetToolPathResolver.cs:line 85
   --- End of inner exception stack trace ---
   at Nuke.Common.Assert.Fail(String message, Exception exception) in /_/source/Nuke.Utilities/Assert.cs:line 28
   at Nuke.Common.Tooling.NuGetToolPathResolver.GetPackageDirectory(String[] packageIds, String version) in /_/source/Nuke.Tooling/NuGetToolPathResolver.cs:line 145
   at Nuke.Common.Tooling.NuGetToolPathResolver.GetPackageExecutable(String packageId, String packageExecutable, String version, String framework) in /_/source/Nuke.Tooling/NuGetToolPathResolver.cs:line 29
   at Nuke.Common.Tooling.NuGetToolAttribute.GetToolPath(ToolOptions options) in /_/source/Nuke.Tooling/ToolTasks.ToolPath.cs:line 120
   at Nuke.Common.Tooling.ToolTasks.GetToolPath(ToolOptions options) in /_/source/Nuke.Tooling/ToolTasks.ToolPath.cs:line 38
   at Nuke.Common.Tooling.ToolTasks.GetToolPathInternal(ToolOptions options) in /_/source/Nuke.Tooling/ToolTasks.ToolPath.cs:line 30
   at Nuke.Common.Tooling.ToolTasks.Run[T](T options) in /_/source/Nuke.Tooling/ToolTasks.Run.cs:line 24
   at Nuke.Common.Tooling.ToolTasks.Run[TOptions,TResult](TOptions options) in /_/source/Nuke.Tooling/ToolTasks.Run.cs:line 45
   at Nuke.Common.Tools.GitVersion.GitVersionTasks.GitVersion(Configure`1 configurator) in /_/source/Nuke.Common/Tools/GitVersion/GitVersion.Generated.cs:line 35
   at Nuke.Common.Tools.GitVersion.GitVersionAttribute.GetValue(MemberInfo member, Object instance) in /_/source/Nuke.Common/Tools/GitVersion/GitVersionAttribute.cs:line 48
   at Nuke.Common.ValueInjection.ValueInjectionAttributeBase.TryGetValue(MemberInfo member, Object instance) in /_/source/Nuke.Build/Execution/Extensibility/ValueInjectionAttributeBase.cs:line 26
V |                      | EventInvoker.OnBuildInitialized (-3.4028235E+38)
V | Clean                | EventInvoker.OnTargetRunning (-3.4028235E+38)
V | Clean                | Telemetry.OnTargetSucceeded (0)
V | Clean                | EventInvoker.OnTargetSucceeded (-3.4028235E+38)
V | Pack                 | EventInvoker.OnTargetRunning (-3.4028235E+38)
E | Pack                 | Target Pack has thrown an exception
System.NullReferenceException: Object reference not set to an instance of an object.
   at Build.<get_Pack>b__14_1() in /home/kali/Code/dotnet/Tools.Template/build/Build.cs:line 64
   at Nuke.Common.Execution.BuildExecutor.<>c.<Execute>b__4_2(Action x) in /_/source/Nuke.Build/Execution/BuildExecutor.cs:line 120
   at System.Collections.Generic.List`1.ForEach(Action`1 action)
   at Nuke.Common.Execution.BuildExecutor.Execute(NukeBuild build, ExecutableTarget target, IReadOnlyCollection`1 previouslyExecutedTargets, Boolean failureMode) in /_/source/Nuke.Build/Execution/BuildExecutor.cs:line 120
V | Pack                 | EventInvoker.OnTargetFailed (-3.4028235E+38)
